<?xml version="1.0" encoding="UTF-8"?>
<testsuite name="com.kodilla.stream.ForumUserTestSuite" tests="2" skipped="0" failures="0" errors="0" timestamp="2018-12-19T21:11:15" hostname="KURKOVA-KOMP" time="0.014">
  <properties/>
  <testcase name="testGetLocationsOfFriends" classname="com.kodilla.stream.ForumUserTestSuite" time="0.009"/>
  <testcase name="testGetLocationsOfFriendsOfFriends" classname="com.kodilla.stream.ForumUserTestSuite" time="0.004"/>
  <system-out><![CDATA[]]></system-out>
  <system-err><![CDATA[]]></system-err>
</testsuite>
