<?xml version="1.0" encoding="UTF-8"?>
<testsuite name="com.kodilla.stream.book.BookTestSuite" tests="1" skipped="0" failures="0" errors="0" timestamp="2018-12-19T21:11:15" hostname="KURKOVA-KOMP" time="0.001">
  <properties/>
  <testcase name="testGetListUsingFor" classname="com.kodilla.stream.book.BookTestSuite" time="0.001"/>
  <system-out><![CDATA[]]></system-out>
  <system-err><![CDATA[]]></system-err>
</testsuite>
