<?xml version="1.0" encoding="UTF-8"?>
<testsuite name="com.kodilla.stream.array.TestOperationsTestSuite" tests="1" skipped="0" failures="0" errors="0" timestamp="2018-11-29T22:02:22" hostname="KURKOVA-KOMP" time="0.024">
  <properties/>
  <testcase name="testGetAverage" classname="com.kodilla.stream.array.TestOperationsTestSuite" time="0.024"/>
  <system-out><![CDATA[1
4
5
6
7
8
9
3
12
18
3
21
33
45
2
65
21
89
21
9
]]></system-out>
  <system-err><![CDATA[]]></system-err>
</testsuite>
