<?xml version="1.0" encoding="UTF-8"?>
<testsuite name="com.kodilla.stream.ForumUserTestSuite" tests="2" skipped="0" failures="0" errors="0" timestamp="2018-11-29T00:23:42" hostname="KURKOVA-KOMP" time="0.012">
  <properties/>
  <testcase name="testGetLocationsOfFriends" classname="com.kodilla.stream.ForumUserTestSuite" time="0.009"/>
  <testcase name="testGetLocationsOfFriendsOfFriends" classname="com.kodilla.stream.ForumUserTestSuite" time="0.003"/>
  <system-out><![CDATA[]]></system-out>
  <system-err><![CDATA[]]></system-err>
</testsuite>
