<?xml version="1.0" encoding="UTF-8"?>
<testsuite name="com.kodilla.stream.ForumUserTestSuite" tests="2" skipped="0" failures="0" errors="0" timestamp="2018-11-29T22:02:22" hostname="KURKOVA-KOMP" time="0.015">
  <properties/>
  <testcase name="testGetLocationsOfFriends" classname="com.kodilla.stream.ForumUserTestSuite" time="0.011"/>
  <testcase name="testGetLocationsOfFriendsOfFriends" classname="com.kodilla.stream.ForumUserTestSuite" time="0.004"/>
  <system-out><![CDATA[]]></system-out>
  <system-err><![CDATA[]]></system-err>
</testsuite>
