<?xml version="1.0" encoding="UTF-8"?>
<testsuite name="com.kodilla.spring.test.SpringRunnerTestSuite" tests="4" skipped="0" failures="0" errors="0" timestamp="2019-01-08T16:25:02" hostname="DESKTOP-1GN4MES" time="0.661">
  <properties/>
  <testcase name="testCircleLoadedIntoContainer" classname="com.kodilla.spring.test.SpringRunnerTestSuite" time="0.174"/>
  <testcase name="testShapeLoadedIntoContainer" classname="com.kodilla.spring.test.SpringRunnerTestSuite" time="0.154"/>
  <testcase name="testSquareLoadedIntoContainer" classname="com.kodilla.spring.test.SpringRunnerTestSuite" time="0.182"/>
  <testcase name="testTriangleLoadedIntoContainer" classname="com.kodilla.spring.test.SpringRunnerTestSuite" time="0.149"/>
  <system-out><![CDATA[2019-01-08 16:25:02.142  INFO 15512 --- [    Test worker] .b.t.c.SpringBootTestContextBootstrapper : Neither @ContextConfiguration nor @ContextHierarchy found for test class [com.kodilla.spring.test.SpringRunnerTestSuite], using SpringBootContextLoader
2019-01-08 16:25:02.143  INFO 15512 --- [    Test worker] o.s.t.c.support.AbstractContextLoader    : Could not detect default resource locations for test class [com.kodilla.spring.test.SpringRunnerTestSuite]: no resource found for suffixes {-context.xml, Context.groovy}.
2019-01-08 16:25:02.144  INFO 15512 --- [    Test worker] t.c.s.AnnotationConfigContextLoaderUtils : Could not detect default configuration classes for test class [com.kodilla.spring.test.SpringRunnerTestSuite]: SpringRunnerTestSuite does not declare any static, non-private, non-final, nested classes annotated with @Configuration.
2019-01-08 16:25:02.151  INFO 15512 --- [    Test worker] .b.t.c.SpringBootTestContextBootstrapper : Found @SpringBootConfiguration com.kodilla.spring.SpringRunner for test class com.kodilla.spring.test.SpringRunnerTestSuite
2019-01-08 16:25:02.154  INFO 15512 --- [    Test worker] .b.t.c.SpringBootTestContextBootstrapper : Loaded default TestExecutionListener class names from location [META-INF/spring.factories]: [org.springframework.boot.test.autoconfigure.restdocs.RestDocsTestExecutionListener, org.springframework.boot.test.autoconfigure.web.client.MockRestServiceServerResetTestExecutionListener, org.springframework.boot.test.autoconfigure.web.servlet.MockMvcPrintOnlyOnFailureTestExecutionListener, org.springframework.boot.test.autoconfigure.web.servlet.WebDriverTestExecutionListener, org.springframework.boot.test.mock.mockito.MockitoTestExecutionListener, org.springframework.boot.test.mock.mockito.ResetMocksTestExecutionListener, org.springframework.test.context.web.ServletTestExecutionListener, org.springframework.test.context.support.DirtiesContextBeforeModesTestExecutionListener, org.springframework.test.context.support.DependencyInjectionTestExecutionListener, org.springframework.test.context.support.DirtiesContextTestExecutionListener, org.springframework.test.context.transaction.TransactionalTestExecutionListener, org.springframework.test.context.jdbc.SqlScriptsTestExecutionListener]
2019-01-08 16:25:02.155  INFO 15512 --- [    Test worker] .b.t.c.SpringBootTestContextBootstrapper : Using TestExecutionListeners: [org.springframework.test.context.support.DirtiesContextBeforeModesTestExecutionListener@66869b73, org.springframework.boot.test.mock.mockito.MockitoTestExecutionListener@13cac257, org.springframework.boot.test.autoconfigure.SpringBootDependencyInjectionTestExecutionListener@b655d36, org.springframework.test.context.support.DirtiesContextTestExecutionListener@7a0e7616, org.springframework.boot.test.autoconfigure.restdocs.RestDocsTestExecutionListener@28013727, org.springframework.boot.test.autoconfigure.web.client.MockRestServiceServerResetTestExecutionListener@6d1c800a, org.springframework.boot.test.autoconfigure.web.servlet.MockMvcPrintOnlyOnFailureTestExecutionListener@4cb1ec72, org.springframework.boot.test.autoconfigure.web.servlet.WebDriverTestExecutionListener@45869d34, org.springframework.boot.test.mock.mockito.ResetMocksTestExecutionListener@649f32ac]
2019-01-08 16:25:02.180  INFO 15512 --- [    Test worker] s.c.a.AnnotationConfigApplicationContext : Refreshing org.springframework.context.annotation.AnnotationConfigApplicationContext@6d0af2e5: startup date [Tue Jan 08 16:25:02 GMT 2019]; root of context hierarchy
2019-01-08 16:25:02.330  INFO 15512 --- [    Test worker] o.s.j.e.a.AnnotationMBeanExporter        : Registering beans for JMX exposure on startup
2019-01-08 16:25:02.350  INFO 15512 --- [    Test worker] s.c.a.AnnotationConfigApplicationContext : Refreshing org.springframework.context.annotation.AnnotationConfigApplicationContext@693c7964: startup date [Tue Jan 08 16:25:02 GMT 2019]; root of context hierarchy
2019-01-08 16:25:02.484  INFO 15512 --- [    Test worker] o.s.j.e.a.AnnotationMBeanExporter        : Registering beans for JMX exposure on startup
Chosen shape says: This is a square.
2019-01-08 16:25:02.506  INFO 15512 --- [    Test worker] s.c.a.AnnotationConfigApplicationContext : Refreshing org.springframework.context.annotation.AnnotationConfigApplicationContext@4e4bb3d: startup date [Tue Jan 08 16:25:02 GMT 2019]; root of context hierarchy
2019-01-08 16:25:02.667  INFO 15512 --- [    Test worker] o.s.j.e.a.AnnotationMBeanExporter        : Registering beans for JMX exposure on startup
2019-01-08 16:25:02.696  INFO 15512 --- [    Test worker] s.c.a.AnnotationConfigApplicationContext : Refreshing org.springframework.context.annotation.AnnotationConfigApplicationContext@50341e55: startup date [Tue Jan 08 16:25:02 GMT 2019]; root of context hierarchy
2019-01-08 16:25:02.816  INFO 15512 --- [    Test worker] o.s.j.e.a.AnnotationMBeanExporter        : Registering beans for JMX exposure on startup
]]></system-out>
  <system-err><![CDATA[]]></system-err>
</testsuite>
