<?xml version="1.0" encoding="UTF-8"?>
<testsuite name="com.kodilla.spring.library.LibraryTestSuite" tests="3" skipped="0" failures="0" errors="0" timestamp="2019-01-08T16:25:01" hostname="DESKTOP-1GN4MES" time="0.32">
  <properties/>
  <testcase name="testSaveToDb" classname="com.kodilla.spring.library.LibraryTestSuite" time="0.144"/>
  <testcase name="testLoadFromDb" classname="com.kodilla.spring.library.LibraryTestSuite" time="0.145"/>
  <testcase name="testContext" classname="com.kodilla.spring.library.LibraryTestSuite" time="0.029"/>
  <system-out><![CDATA[2019-01-08 16:25:01.734  INFO 15512 --- [    Test worker] .b.t.c.SpringBootTestContextBootstrapper : Neither @ContextConfiguration nor @ContextHierarchy found for test class [com.kodilla.spring.library.LibraryTestSuite], using SpringBootContextLoader
2019-01-08 16:25:01.734  INFO 15512 --- [    Test worker] o.s.t.c.support.AbstractContextLoader    : Could not detect default resource locations for test class [com.kodilla.spring.library.LibraryTestSuite]: no resource found for suffixes {-context.xml, Context.groovy}.
2019-01-08 16:25:01.734  INFO 15512 --- [    Test worker] t.c.s.AnnotationConfigContextLoaderUtils : Could not detect default configuration classes for test class [com.kodilla.spring.library.LibraryTestSuite]: LibraryTestSuite does not declare any static, non-private, non-final, nested classes annotated with @Configuration.
2019-01-08 16:25:01.743  INFO 15512 --- [    Test worker] .b.t.c.SpringBootTestContextBootstrapper : Found @SpringBootConfiguration com.kodilla.spring.SpringRunner for test class com.kodilla.spring.library.LibraryTestSuite
2019-01-08 16:25:01.744  INFO 15512 --- [    Test worker] .b.t.c.SpringBootTestContextBootstrapper : Loaded default TestExecutionListener class names from location [META-INF/spring.factories]: [org.springframework.boot.test.autoconfigure.restdocs.RestDocsTestExecutionListener, org.springframework.boot.test.autoconfigure.web.client.MockRestServiceServerResetTestExecutionListener, org.springframework.boot.test.autoconfigure.web.servlet.MockMvcPrintOnlyOnFailureTestExecutionListener, org.springframework.boot.test.autoconfigure.web.servlet.WebDriverTestExecutionListener, org.springframework.boot.test.mock.mockito.MockitoTestExecutionListener, org.springframework.boot.test.mock.mockito.ResetMocksTestExecutionListener, org.springframework.test.context.web.ServletTestExecutionListener, org.springframework.test.context.support.DirtiesContextBeforeModesTestExecutionListener, org.springframework.test.context.support.DependencyInjectionTestExecutionListener, org.springframework.test.context.support.DirtiesContextTestExecutionListener, org.springframework.test.context.transaction.TransactionalTestExecutionListener, org.springframework.test.context.jdbc.SqlScriptsTestExecutionListener]
2019-01-08 16:25:01.745  INFO 15512 --- [    Test worker] .b.t.c.SpringBootTestContextBootstrapper : Using TestExecutionListeners: [org.springframework.test.context.support.DirtiesContextBeforeModesTestExecutionListener@7bea5754, org.springframework.boot.test.mock.mockito.MockitoTestExecutionListener@32a91396, org.springframework.boot.test.autoconfigure.SpringBootDependencyInjectionTestExecutionListener@702ae451, org.springframework.test.context.support.DirtiesContextTestExecutionListener@65fb6c69, org.springframework.boot.test.autoconfigure.restdocs.RestDocsTestExecutionListener@4c02c775, org.springframework.boot.test.autoconfigure.web.client.MockRestServiceServerResetTestExecutionListener@36cd48c0, org.springframework.boot.test.autoconfigure.web.servlet.MockMvcPrintOnlyOnFailureTestExecutionListener@11622a24, org.springframework.boot.test.autoconfigure.web.servlet.WebDriverTestExecutionListener@2f448445, org.springframework.boot.test.mock.mockito.ResetMocksTestExecutionListener@75a7d7b7]
2019-01-08 16:25:01.762  INFO 15512 --- [    Test worker] s.c.a.AnnotationConfigApplicationContext : Refreshing org.springframework.context.annotation.AnnotationConfigApplicationContext@29700a8b: startup date [Tue Jan 08 16:25:01 GMT 2019]; root of context hierarchy
2019-01-08 16:25:01.889  INFO 15512 --- [    Test worker] o.s.j.e.a.AnnotationMBeanExporter        : Registering beans for JMX exposure on startup
Saving data to the database.
2019-01-08 16:25:01.910  INFO 15512 --- [    Test worker] s.c.a.AnnotationConfigApplicationContext : Refreshing org.springframework.context.annotation.AnnotationConfigApplicationContext@41345245: startup date [Tue Jan 08 16:25:01 GMT 2019]; root of context hierarchy
2019-01-08 16:25:02.035  INFO 15512 --- [    Test worker] o.s.j.e.a.AnnotationMBeanExporter        : Registering beans for JMX exposure on startup
Loading data from the database
2019-01-08 16:25:02.040  INFO 15512 --- [    Test worker] s.c.a.AnnotationConfigApplicationContext : Refreshing org.springframework.context.annotation.AnnotationConfigApplicationContext@19616add: startup date [Tue Jan 08 16:25:02 GMT 2019]; root of context hierarchy
===== Beans list: ==== >>
org.springframework.context.annotation.internalConfigurationAnnotationProcessor
org.springframework.context.annotation.internalAutowiredAnnotationProcessor
org.springframework.context.annotation.internalRequiredAnnotationProcessor
org.springframework.context.annotation.internalCommonAnnotationProcessor
org.springframework.context.event.internalEventListenerProcessor
org.springframework.context.event.internalEventListenerFactory
libraryConfig
library
libraryDbController
<< ===== Beans list ====
]]></system-out>
  <system-err><![CDATA[]]></system-err>
</testsuite>
