<?xml version="1.0" encoding="UTF-8"?>
<testsuite name="com.kodilla.spring.test.SpringRunnerTestSuite" tests="4" skipped="0" failures="0" errors="0" timestamp="2018-12-22T10:22:25" hostname="KURKOVA-KOMP" time="0.767">
  <properties/>
  <testcase name="testCircleLoadedIntoContainer" classname="com.kodilla.spring.test.SpringRunnerTestSuite" time="0.192"/>
  <testcase name="testShapeLoadedIntoContainer" classname="com.kodilla.spring.test.SpringRunnerTestSuite" time="0.209"/>
  <testcase name="testSquareLoadedIntoContainer" classname="com.kodilla.spring.test.SpringRunnerTestSuite" time="0.181"/>
  <testcase name="testTriangleLoadedIntoContainer" classname="com.kodilla.spring.test.SpringRunnerTestSuite" time="0.181"/>
  <system-out><![CDATA[2018-12-22 10:22:25.742  INFO 8312 --- [    Test worker] .b.t.c.SpringBootTestContextBootstrapper : Neither @ContextConfiguration nor @ContextHierarchy found for test class [com.kodilla.spring.test.SpringRunnerTestSuite], using SpringBootContextLoader
2018-12-22 10:22:25.743  INFO 8312 --- [    Test worker] o.s.t.c.support.AbstractContextLoader    : Could not detect default resource locations for test class [com.kodilla.spring.test.SpringRunnerTestSuite]: no resource found for suffixes {-context.xml, Context.groovy}.
2018-12-22 10:22:25.744  INFO 8312 --- [    Test worker] t.c.s.AnnotationConfigContextLoaderUtils : Could not detect default configuration classes for test class [com.kodilla.spring.test.SpringRunnerTestSuite]: SpringRunnerTestSuite does not declare any static, non-private, non-final, nested classes annotated with @Configuration.
2018-12-22 10:22:25.756  INFO 8312 --- [    Test worker] .b.t.c.SpringBootTestContextBootstrapper : Found @SpringBootConfiguration com.kodilla.spring.SpringRunner for test class com.kodilla.spring.test.SpringRunnerTestSuite
2018-12-22 10:22:25.761  INFO 8312 --- [    Test worker] .b.t.c.SpringBootTestContextBootstrapper : Loaded default TestExecutionListener class names from location [META-INF/spring.factories]: [org.springframework.boot.test.autoconfigure.restdocs.RestDocsTestExecutionListener, org.springframework.boot.test.autoconfigure.web.client.MockRestServiceServerResetTestExecutionListener, org.springframework.boot.test.autoconfigure.web.servlet.MockMvcPrintOnlyOnFailureTestExecutionListener, org.springframework.boot.test.autoconfigure.web.servlet.WebDriverTestExecutionListener, org.springframework.boot.test.mock.mockito.MockitoTestExecutionListener, org.springframework.boot.test.mock.mockito.ResetMocksTestExecutionListener, org.springframework.test.context.web.ServletTestExecutionListener, org.springframework.test.context.support.DirtiesContextBeforeModesTestExecutionListener, org.springframework.test.context.support.DependencyInjectionTestExecutionListener, org.springframework.test.context.support.DirtiesContextTestExecutionListener, org.springframework.test.context.transaction.TransactionalTestExecutionListener, org.springframework.test.context.jdbc.SqlScriptsTestExecutionListener]
2018-12-22 10:22:25.765  INFO 8312 --- [    Test worker] .b.t.c.SpringBootTestContextBootstrapper : Using TestExecutionListeners: [org.springframework.test.context.support.DirtiesContextBeforeModesTestExecutionListener@993c97d, org.springframework.boot.test.mock.mockito.MockitoTestExecutionListener@2274618, org.springframework.boot.test.autoconfigure.SpringBootDependencyInjectionTestExecutionListener@1d9cc707, org.springframework.test.context.support.DirtiesContextTestExecutionListener@7ab45295, org.springframework.boot.test.autoconfigure.restdocs.RestDocsTestExecutionListener@6d7ba49f, org.springframework.boot.test.autoconfigure.web.client.MockRestServiceServerResetTestExecutionListener@55d438ae, org.springframework.boot.test.autoconfigure.web.servlet.MockMvcPrintOnlyOnFailureTestExecutionListener@2e0b79ec, org.springframework.boot.test.autoconfigure.web.servlet.WebDriverTestExecutionListener@76f3b642, org.springframework.boot.test.mock.mockito.ResetMocksTestExecutionListener@461cbb5f]
Chosen shape says: This is a square.
]]></system-out>
  <system-err><![CDATA[]]></system-err>
</testsuite>
