<?xml version="1.0" encoding="UTF-8"?>
<testsuite name="com.kodilla.spring.test.SpringRunnerTestSuite" tests="4" skipped="0" failures="0" errors="0" timestamp="2018-12-27T17:53:07" hostname="KURKOVA-KOMP" time="1.339">
  <properties/>
  <testcase name="testCircleLoadedIntoContainer" classname="com.kodilla.spring.test.SpringRunnerTestSuite" time="0.398"/>
  <testcase name="testShapeLoadedIntoContainer" classname="com.kodilla.spring.test.SpringRunnerTestSuite" time="0.304"/>
  <testcase name="testSquareLoadedIntoContainer" classname="com.kodilla.spring.test.SpringRunnerTestSuite" time="0.301"/>
  <testcase name="testTriangleLoadedIntoContainer" classname="com.kodilla.spring.test.SpringRunnerTestSuite" time="0.332"/>
  <system-out><![CDATA[2018-12-27 17:53:07.511  INFO 4056 --- [    Test worker] .b.t.c.SpringBootTestContextBootstrapper : Neither @ContextConfiguration nor @ContextHierarchy found for test class [com.kodilla.spring.test.SpringRunnerTestSuite], using SpringBootContextLoader
2018-12-27 17:53:07.512  INFO 4056 --- [    Test worker] o.s.t.c.support.AbstractContextLoader    : Could not detect default resource locations for test class [com.kodilla.spring.test.SpringRunnerTestSuite]: no resource found for suffixes {-context.xml, Context.groovy}.
2018-12-27 17:53:07.513  INFO 4056 --- [    Test worker] t.c.s.AnnotationConfigContextLoaderUtils : Could not detect default configuration classes for test class [com.kodilla.spring.test.SpringRunnerTestSuite]: SpringRunnerTestSuite does not declare any static, non-private, non-final, nested classes annotated with @Configuration.
2018-12-27 17:53:07.523  INFO 4056 --- [    Test worker] .b.t.c.SpringBootTestContextBootstrapper : Found @SpringBootConfiguration com.kodilla.spring.SpringRunner for test class com.kodilla.spring.test.SpringRunnerTestSuite
2018-12-27 17:53:07.527  INFO 4056 --- [    Test worker] .b.t.c.SpringBootTestContextBootstrapper : Loaded default TestExecutionListener class names from location [META-INF/spring.factories]: [org.springframework.boot.test.autoconfigure.restdocs.RestDocsTestExecutionListener, org.springframework.boot.test.autoconfigure.web.client.MockRestServiceServerResetTestExecutionListener, org.springframework.boot.test.autoconfigure.web.servlet.MockMvcPrintOnlyOnFailureTestExecutionListener, org.springframework.boot.test.autoconfigure.web.servlet.WebDriverTestExecutionListener, org.springframework.boot.test.mock.mockito.MockitoTestExecutionListener, org.springframework.boot.test.mock.mockito.ResetMocksTestExecutionListener, org.springframework.test.context.web.ServletTestExecutionListener, org.springframework.test.context.support.DirtiesContextBeforeModesTestExecutionListener, org.springframework.test.context.support.DependencyInjectionTestExecutionListener, org.springframework.test.context.support.DirtiesContextTestExecutionListener, org.springframework.test.context.transaction.TransactionalTestExecutionListener, org.springframework.test.context.jdbc.SqlScriptsTestExecutionListener]
2018-12-27 17:53:07.529  INFO 4056 --- [    Test worker] .b.t.c.SpringBootTestContextBootstrapper : Using TestExecutionListeners: [org.springframework.test.context.support.DirtiesContextBeforeModesTestExecutionListener@1749e864, org.springframework.boot.test.mock.mockito.MockitoTestExecutionListener@7ee783f2, org.springframework.boot.test.autoconfigure.SpringBootDependencyInjectionTestExecutionListener@1e5e5e8e, org.springframework.test.context.support.DirtiesContextTestExecutionListener@3fe408bb, org.springframework.boot.test.autoconfigure.restdocs.RestDocsTestExecutionListener@6736ddeb, org.springframework.boot.test.autoconfigure.web.client.MockRestServiceServerResetTestExecutionListener@250c3aec, org.springframework.boot.test.autoconfigure.web.servlet.MockMvcPrintOnlyOnFailureTestExecutionListener@494aaaed, org.springframework.boot.test.autoconfigure.web.servlet.WebDriverTestExecutionListener@5674d2af, org.springframework.boot.test.mock.mockito.ResetMocksTestExecutionListener@77c940f]
2018-12-27 17:53:07.565  INFO 4056 --- [    Test worker] s.c.a.AnnotationConfigApplicationContext : Refreshing org.springframework.context.annotation.AnnotationConfigApplicationContext@43631556: startup date [Thu Dec 27 17:53:07 GMT 2018]; root of context hierarchy
2018-12-27 17:53:07.927  INFO 4056 --- [    Test worker] o.s.j.e.a.AnnotationMBeanExporter        : Registering beans for JMX exposure on startup
2018-12-27 17:53:07.963  INFO 4056 --- [    Test worker] s.c.a.AnnotationConfigApplicationContext : Refreshing org.springframework.context.annotation.AnnotationConfigApplicationContext@678f11a1: startup date [Thu Dec 27 17:53:07 GMT 2018]; root of context hierarchy
2018-12-27 17:53:08.231  INFO 4056 --- [    Test worker] o.s.j.e.a.AnnotationMBeanExporter        : Registering beans for JMX exposure on startup
Chosen shape says: This is a triangle.
2018-12-27 17:53:08.268  INFO 4056 --- [    Test worker] s.c.a.AnnotationConfigApplicationContext : Refreshing org.springframework.context.annotation.AnnotationConfigApplicationContext@12bafbe7: startup date [Thu Dec 27 17:53:08 GMT 2018]; root of context hierarchy
2018-12-27 17:53:08.534  INFO 4056 --- [    Test worker] o.s.j.e.a.AnnotationMBeanExporter        : Registering beans for JMX exposure on startup
2018-12-27 17:53:08.568  INFO 4056 --- [    Test worker] s.c.a.AnnotationConfigApplicationContext : Refreshing org.springframework.context.annotation.AnnotationConfigApplicationContext@466143f7: startup date [Thu Dec 27 17:53:08 GMT 2018]; root of context hierarchy
2018-12-27 17:53:08.867  INFO 4056 --- [    Test worker] o.s.j.e.a.AnnotationMBeanExporter        : Registering beans for JMX exposure on startup
]]></system-out>
  <system-err><![CDATA[]]></system-err>
</testsuite>
