<?xml version="1.0" encoding="UTF-8"?>
<testsuite name="com.kodilla.testing.forum.statistics.StatisticstestSuite" tests="1" skipped="0" failures="0" errors="0" timestamp="2018-11-22T10:33:00" hostname="KURKOVA-KOMP" time="0.165">
  <properties/>
  <testcase name="testGetaAerageNumberOfPostsPerUser" classname="com.kodilla.testing.forum.statistics.StatisticstestSuite" time="0.165"/>
  <system-out><![CDATA[]]></system-out>
  <system-err><![CDATA[]]></system-err>
</testsuite>
