<?xml version="1.0" encoding="UTF-8"?>
<testsuite name="com.kodilla.patterns.builder.checkers.CheckersTestSuite" tests="1" skipped="0" failures="0" errors="0" timestamp="2019-01-04T13:11:34" hostname="KURKOVA-KOMP" time="0.013">
  <properties/>
  <testcase name="testCheckersBuilder" classname="com.kodilla.patterns.builder.checkers.CheckersTestSuite" time="0.013"/>
  <system-out><![CDATA[|  |  |wQ|wP|  |  |  |  |  |  |
|  |  |  |  |  |  |  |  |  |  |
|  |  |  |  |  |  |  |  |  |  |
|  |  |  |  |  |  |  |  |  |  |
|  |  |  |  |  |  |  |  |  |  |
|  |  |  |  |  |  |  |  |  |  |
|  |  |  |  |  |  |  |  |  |  |
|  |  |  |  |  |  |  |  |  |  |
|  |  |  |  |  |  |  |  |  |  |
|  |  |  |  |  |  |  |bP|  |  |

]]></system-out>
  <system-err><![CDATA[]]></system-err>
</testsuite>
