<?xml version="1.0" encoding="UTF-8"?>
<testsuite name="com.kodilla.patterns.singleton.LoggerTestSuite" tests="1" skipped="0" failures="0" errors="0" timestamp="2019-01-08T16:24:56" hostname="DESKTOP-1GN4MES" time="0.001">
  <properties/>
  <testcase name="testGetLastLog" classname="com.kodilla.patterns.singleton.LoggerTestSuite" time="0.001"/>
  <system-out><![CDATA[Log: [Open programme]
Log: [Close programme]
]]></system-out>
  <system-err><![CDATA[]]></system-err>
</testsuite>
