<?xml version="1.0" encoding="UTF-8"?>
<testsuite name="com.kodilla.good.patterns.flightFinder.FlightsServiceTestSuite" tests="1" skipped="0" failures="0" errors="0" timestamp="2019-01-04T14:01:02" hostname="KURKOVA-KOMP" time="0.004">
  <properties/>
  <testcase name="testFindFlightsFrom" classname="com.kodilla.good.patterns.flightFinder.FlightsServiceTestSuite" time="0.004"/>
  <system-out><![CDATA[]]></system-out>
  <system-err><![CDATA[]]></system-err>
</testsuite>
