<?xml version="1.0" encoding="UTF-8"?>
<testsuite name="com.kodilla.good.patterns.flightFinder.FlightsServiceTestSuite" tests="4" skipped="0" failures="0" errors="0" timestamp="2019-01-09T18:45:14" hostname="DESKTOP-1GN4MES" time="0.143">
  <properties/>
  <testcase name="testFindFlightsTo" classname="com.kodilla.good.patterns.flightFinder.FlightsServiceTestSuite" time="0.137"/>
  <testcase name="testFindConnectingFlightsFromTo" classname="com.kodilla.good.patterns.flightFinder.FlightsServiceTestSuite" time="0.005"/>
  <testcase name="testFindFlightFrom" classname="com.kodilla.good.patterns.flightFinder.FlightsServiceTestSuite" time="0.001"/>
  <testcase name="testFindDirectFlightsFromTo" classname="com.kodilla.good.patterns.flightFinder.FlightsServiceTestSuite" time="0.0"/>
  <system-out><![CDATA[]]></system-out>
  <system-err><![CDATA[]]></system-err>
</testsuite>
